2025-08-25 15:45:52,148 - INFO - Successfully deleted: F:\Game Dev Tools\Output\Exports\PAYDAY3\Content\Weapons\Throwables\ThrowingKnife\MI_ThrowingKnife.json
2025-08-25 15:45:52,150 - INFO - Successfully deleted: F:\Game Dev Tools\Output\Exports\PAYDAY3\Content\Weapons\Throwables\ThrowingKnife\MI_ThrowingKnife.uasset
2025-08-25 15:45:52,151 - INFO - Successfully deleted: F:\Game Dev Tools\Output\Exports\PAYDAY3\Content\Weapons\Throwables\ThrowingKnife\MI_ThrowingKnife.uexp
2025-08-25 15:46:13,032 - INFO - Successfully deleted: F:\Game Dev Tools\Output\Exports\PAYDAY3\Content\Weapons\Throwables\ThrowingKnife\T_ThrowingKnife_BCA.json
2025-08-25 15:46:13,033 - INFO - Successfully deleted: F:\Game Dev Tools\Output\Exports\PAYDAY3\Content\Weapons\Throwables\ThrowingKnife\T_ThrowingKnife_BCA.png
2025-08-25 15:46:13,049 - INFO - Successfully deleted: F:\Game Dev Tools\Output\Exports\PAYDAY3\Content\Weapons\Throwables\ThrowingKnife\T_ThrowingKnife_BCA.uasset
2025-08-25 15:46:13,050 - INFO - Successfully deleted: F:\Game Dev Tools\Output\Exports\PAYDAY3\Content\Weapons\Throwables\ThrowingKnife\T_ThrowingKnife_BCA.ubulk
2025-08-25 15:46:13,051 - INFO - Successfully deleted: F:\Game Dev Tools\Output\Exports\PAYDAY3\Content\Weapons\Throwables\ThrowingKnife\T_ThrowingKnife_BCA.uexp
2025-08-25 15:46:13,052 - INFO - Successfully deleted: F:\Game Dev Tools\Output\Exports\PAYDAY3\Content\Weapons\Throwables\ThrowingKnife\T_ThrowingKnife_NMA.json
2025-08-25 15:46:13,053 - INFO - Successfully deleted: F:\Game Dev Tools\Output\Exports\PAYDAY3\Content\Weapons\Throwables\ThrowingKnife\T_ThrowingKnife_NMA.png
2025-08-25 15:46:13,054 - INFO - Successfully deleted: F:\Game Dev Tools\Output\Exports\PAYDAY3\Content\Weapons\Throwables\ThrowingKnife\T_ThrowingKnife_NMA.uasset
2025-08-25 15:46:13,057 - INFO - Successfully deleted: F:\Game Dev Tools\Output\Exports\PAYDAY3\Content\Weapons\Throwables\ThrowingKnife\T_ThrowingKnife_NMA.ubulk
2025-08-25 15:46:13,058 - INFO - Successfully deleted: F:\Game Dev Tools\Output\Exports\PAYDAY3\Content\Weapons\Throwables\ThrowingKnife\T_ThrowingKnife_NMA.uexp
2025-08-25 15:46:21,047 - INFO - Successfully deleted: F:\Game Dev Tools\Output\Exports\PAYDAY3\Content\Weapons\Throwables\ThrowingKnife\SM_WP_Throwable_ThrowingKnife.json
2025-08-25 15:46:21,048 - INFO - Successfully deleted: F:\Game Dev Tools\Output\Exports\PAYDAY3\Content\Weapons\Throwables\ThrowingKnife\SM_WP_Throwable_ThrowingKnife.pskx
2025-08-25 15:46:21,049 - INFO - Successfully deleted: F:\Game Dev Tools\Output\Exports\PAYDAY3\Content\Weapons\Throwables\ThrowingKnife\SM_WP_Throwable_ThrowingKnife.uasset
2025-08-25 15:46:21,050 - INFO - Successfully deleted: F:\Game Dev Tools\Output\Exports\PAYDAY3\Content\Weapons\Throwables\ThrowingKnife\SM_WP_Throwable_ThrowingKnife.uexp
2025-08-25 21:34:32,395 - INFO - Successfully deleted: F:/Game Dev Tools/Output/Exports/PAYDAY3\Content\Weapons\Throwables\Flashbang\MI_Frag_Grenade.json
2025-08-25 21:34:32,409 - INFO - Successfully deleted: F:/Game Dev Tools/Output/Exports/PAYDAY3\Content\Weapons\Throwables\Flashbang\MI_Frag_Grenade.uasset
2025-08-25 21:34:32,413 - INFO - Successfully deleted: F:/Game Dev Tools/Output/Exports/PAYDAY3\Content\Weapons\Throwables\Flashbang\MI_Frag_Grenade.uexp
2025-08-25 21:34:32,414 - INFO - Successfully deleted: F:/Game Dev Tools/Output/Exports/PAYDAY3\Content\Weapons\Throwables\Frag\MI_Frag_Grenade.json
2025-08-25 21:34:32,416 - INFO - Successfully deleted: F:/Game Dev Tools/Output/Exports/PAYDAY3\Content\Weapons\Throwables\Frag\MI_Frag_Grenade.uasset
2025-08-25 21:34:32,417 - INFO - Successfully deleted: F:/Game Dev Tools/Output/Exports/PAYDAY3\Content\Weapons\Throwables\Frag\MI_Frag_Grenade.uexp
2025-08-25 21:34:32,418 - INFO - Successfully deleted: F:/Game Dev Tools/Output/Exports/PAYDAY3\Content\Weapons\Throwables\Smoke\MI_Smoke_Grenade.json
2025-08-25 21:34:32,420 - INFO - Successfully deleted: F:/Game Dev Tools/Output/Exports/PAYDAY3\Content\Weapons\Throwables\Smoke\MI_Smoke_Grenade.uasset
2025-08-25 21:34:32,421 - INFO - Successfully deleted: F:/Game Dev Tools/Output/Exports/PAYDAY3\Content\Weapons\Throwables\Smoke\MI_Smoke_Grenade.uexp
2025-08-25 21:34:32,422 - INFO - Successfully deleted: F:/Game Dev Tools/Output/Exports/PAYDAY3\Content\Weapons\Throwables\ThrowingKnife\MI_ThrowingKnife.json
2025-08-25 21:34:32,424 - INFO - Successfully deleted: F:/Game Dev Tools/Output/Exports/PAYDAY3\Content\Weapons\Throwables\ThrowingKnife\MI_ThrowingKnife.uasset
2025-08-25 21:34:32,425 - INFO - Successfully deleted: F:/Game Dev Tools/Output/Exports/PAYDAY3\Content\Weapons\Throwables\ThrowingKnife\MI_ThrowingKnife.uexp
